Arguments: 
  /Users/chenxu/.nvm/versions/node/v8.9.4/bin/node /usr/local/Cellar/yarn/1.3.2/libexec/bin/yarn.js

PATH: 
  /Users/chenxu/.nvm/versions/node/v8.9.4/bin:/usr/local/bin:/usr/bin:/bin:/usr/sbin:/sbin:/usr/local/bin/

Yarn version: 
  1.3.2

Node version: 
  8.9.4

Platform: 
  darwin x64

npm manifest: 
  {
    "name": "chenxu",
    "version": "0.0.0",
    "description": "Small description for chenxu goes here",
    "license": "MIT",
    "author": "",
    "directories": {
      "doc": "doc",
      "test": "tests"
    },
    "repository": "",
    "scripts": {
      "build": "ember build",
      "start": "ember server",
      "test": "ember test"
    },
    "devDependencies": {
      "@zbj/lib-component-css": "0.1.36",
      "@zbj/lib-routable-component": "0.0.3",
      "babel-eslint": "^7.2.3",
      "babel-plugin-transform-decorators-legacy": "^1.3.4",
      "babel-plugin-transform-object-rest-spread": "6.16.0",
      "broccoli-asset-rev": "^2.4.5",
      "ember-ajax": "^3.0.0",
      "ember-async-button": "^1.0.2",
      "ember-bootstrap-datetimepicker": "^1.1.0",
      "ember-changeset": "^1.3.0",
      "ember-cli": "~2.16.2",
      "ember-cli-app-version": "^3.0.0",
      "ember-cli-babel": "^6.6.0",
      "ember-cli-dependency-checker": "^2.0.0",
      "ember-cli-eslint": "^4.0.0",
      "ember-cli-htmlbars": "^2.0.1",
      "ember-cli-htmlbars-inline-precompile": "^1.0.0",
      "ember-cli-inject-live-reload": "^1.4.1",
      "ember-cli-less": "^1.5.5",
      "ember-cli-moment-shim": "^3.5.0",
      "ember-cli-qunit": "^4.0.0",
      "ember-cli-shims": "^1.1.0",
      "ember-cli-uglify": "^2.0.0",
      "ember-click-outside": "0.1.6",
      "ember-computed-decorators": "^0.3.0",
      "ember-export-application-global": "^2.0.0",
      "ember-font-awesome": "^4.0.0-alpha.13",
      "ember-keyboard": "2.1.10",
      "ember-load-initializers": "^1.0.0",
      "ember-notify": "^5.2.1",
      "ember-power-select": "^1.10.2",
      "ember-radio-button": "^1.1.1",
      "ember-remodal": "^2.0.0",
      "ember-resolver": "^4.0.0",
      "ember-route-action-helper": "0.3.2",
      "ember-run-decorators": "0.0.1",
      "ember-source": "~2.16.0",
      "ember-truth-helpers": "1.2.0",
      "ember-wormhole": "^0.5.2",
      "emberx-select": "^3.1.0",
      "eslint": "^4.10.0",
      "liquid-fire": "^0.29.0",
      "loader.js": "^4.2.3"
    },
    "engines": {
      "node": "^4.5 || 6.* || >= 7.*"
    },
    "private": true
  }

yarn manifest: 
  No manifest

Lockfile: 
  No lockfile

Trace: 
  Error: http://npm.bjren123.com/@ember-decorators%2fbabel-transforms: no such package available
      at Request.params.callback [as _callback] (/usr/local/Cellar/yarn/1.3.2/libexec/lib/cli.js:62098:18)
      at Request.self.callback (/usr/local/Cellar/yarn/1.3.2/libexec/lib/cli.js:123085:22)
      at emitTwo (events.js:126:13)
      at Request.emit (events.js:214:7)
      at Request.<anonymous> (/usr/local/Cellar/yarn/1.3.2/libexec/lib/cli.js:124068:10)
      at emitOne (events.js:116:13)
      at Request.emit (events.js:211:7)
      at IncomingMessage.<anonymous> (/usr/local/Cellar/yarn/1.3.2/libexec/lib/cli.js:123988:12)
      at Object.onceWrapper (events.js:313:30)
      at emitNone (events.js:111:20)
